<?xml version="1.0" encoding="UTF-8"?>
<testsuites name="signup_datadriven_suite" time="0.271" tests="1" failures="0" errors="0">
   <testsuite name="signup_datadriven_suite" tests="1" failures="0" errors="0" time="0.271" timestamp="2020-05-29 14:48:09" hostname="Van Hoang - DESKTOP-P2TV5PF" id="Test Suites/signup_datadriven_suite">
      <properties>
         <property name="deviceName" value=""/>
         <property name="devicePlatform" value=""/>
         <property name="logFolder" value="C:\\Users\\Van Hoang\\git\\1512660_hw2_katalon\\Reports\\20200529_144808\\signup_datadriven_suite\\20200529_144808"/>
         <property name="logFiles" value="C:\\Users\\Van Hoang\\git\\1512660_hw2_katalon\\Reports\\20200529_144808\\signup_datadriven_suite\\20200529_144808\\execution0.log"/>
         <property name="attachments" value=""/>
         <property name="hostName" value="Van Hoang - DESKTOP-P2TV5PF"/>
         <property name="hostAddress" value="192.168.1.6"/>
         <property name="os" value="Windows 10 64bit"/>
         <property name="katalonVersion" value="7.4.0.1"/>
      </properties>
      <testcase name="Test Cases/signup_datadriven_testcase" time="0.007" classname="Test Cases/signup_datadriven_testcase" status="PASSED">
         <system-out><![CDATA[2020-05-29 14:48:09 - [TEST_CASE][PASSED] - Test Cases/signup_datadriven_testcase: null]]></system-out>
         <system-err><![CDATA[]]></system-err>
      </testcase>
      <system-out><![CDATA[2020-05-29 14:48:09 - [TEST_SUITE][INCOMPLETE] - signup_datadriven_suite: null]]></system-out>
      <system-err><![CDATA[2020-05-29 14:48:09 - [TEST_SUITE][INCOMPLETE] - signup_datadriven_suite: null]]></system-err>
   </testsuite>
</testsuites>
