<?xml version="1.0" encoding="UTF-8"?>
<testsuites name="TS_16" time="257.496" tests="5" failures="0" errors="0">
   <testsuite name="TS_16" tests="5" failures="0" errors="0" time="257.496" timestamp="2020-06-05 09:46:57" hostname="ducnguyen - buitmaithanh-is" id="Test Suites/datadriven/internal/TS_16">
      <properties>
         <property name="deviceName" value=""/>
         <property name="devicePlatform" value=""/>
         <property name="logFolder" value="D:\\GITHUB\\Katalon_hw2\\Reports\\20200605_094654\\datadriven\\internal\\TS_16\\20200605_094654"/>
         <property name="logFiles" value="D:\\GITHUB\\Katalon_hw2\\Reports\\20200605_094654\\datadriven\\internal\\TS_16\\20200605_094654\\execution0.log"/>
         <property name="attachments" value=""/>
         <property name="hostName" value="ducnguyen - buitmaithanh-is"/>
         <property name="os" value="Windows 10 64bit"/>
         <property name="katalonVersion" value="7.5.2.1"/>
         <property name="browser" value="Firefox 76.0"/>
         <property name="hostAddress" value="192.168.88.2"/>
         <property name="sessionId" value="801ff406-1a91-4e25-8a8b-635eb41e27c8"/>
         <property name="seleniumVersion" value="3.141.59"/>
         <property name="proxyInformation" value="ProxyInformation { proxyOption=NO_PROXY, proxyServerType=HTTP, username=, password=********, proxyServerAddress=, proxyServerPort=0, executionList=\&quot;\&quot;, isApplyToDesiredCapabilities=true }"/>
         <property name="platform" value="Windows 10"/>
      </properties>
      <testcase name="Test Cases/datadriven/internal/TC_16_Reply" time="49.725" classname="Test Cases/datadriven/internal/TC_16_Reply" status="PASSED">
         <system-out><![CDATA[2020-06-05 09:46:58 - [TEST_CASE][PASSED] - Test Cases/datadriven/internal/TC_16_Reply: Test Cases/datadriven/internal/TC_16_Reply

2020-06-05 09:46:58 - [TEST_STEP][PASSED] - openBrowser(""): Browser is opened with url: ''

2020-06-05 09:46:59 - [MESSAGE][INFO] - Starting 'Firefox' driver

2020-06-05 09:46:59 - [MESSAGE][INFO] - Action delay is set to 0 milliseconds

2020-06-05 09:47:08 - [MESSAGE][PASSED] - Browser is opened with url: ''

2020-06-05 09:47:08 - [TEST_STEP][PASSED] - openBrowser(""): Browser is opened with url: ''

2020-06-05 09:47:08 - [MESSAGE][WARNING] - A browser is already opened. Closing browser and opening a new one

2020-06-05 09:47:16 - [MESSAGE][INFO] - Starting 'Firefox' driver

2020-06-05 09:47:16 - [MESSAGE][INFO] - Action delay is set to 0 milliseconds

2020-06-05 09:47:24 - [MESSAGE][PASSED] - Browser is opened with url: ''

2020-06-05 09:47:24 - [TEST_STEP][PASSED] - navigateToUrl("https://hw2katalonkattermost.herokuapp.com/login"): Navigate to 'https://hw2katalonkattermost.herokuapp.com/login' successfully

2020-06-05 09:47:31 - [MESSAGE][PASSED] - Navigate to 'https://hw2katalonkattermost.herokuapp.com/login' successfully

2020-06-05 09:47:31 - [TEST_STEP][PASSED] - setText(findTestObject("Object Repository/17/Page_Mattermost/input_All team communication in one place s_703ef5"), "vanhoang"): Text 'vanhoang' is set on object 'Object Repository/17/Page_Mattermost/input_All team communication in one place s_703ef5'

2020-06-05 09:47:38 - [MESSAGE][PASSED] - Text 'vanhoang' is set on object 'Object Repository/17/Page_Mattermost/input_All team communication in one place s_703ef5'

2020-06-05 09:47:38 - [TEST_STEP][PASSED] - setEncryptedText(findTestObject("Object Repository/Page_Mattermost/input_All team communication in one place s_2f2733"), "iGDxf8hSRT4="): Text ****** has been set on object 'Object Repository/Page_Mattermost/input_All team communication in one place s_2f2733'

2020-06-05 09:47:38 - [MESSAGE][PASSED] - Text ****** has been set on object 'Object Repository/Page_Mattermost/input_All team communication in one place s_2f2733'

2020-06-05 09:47:38 - [TEST_STEP][PASSED] - click(findTestObject("Object Repository/17/Page_Mattermost/span_Sign in")): Object: 'Object Repository/17/Page_Mattermost/span_Sign in' is clicked on

2020-06-05 09:47:39 - [MESSAGE][PASSED] - Object: 'Object Repository/17/Page_Mattermost/span_Sign in' is clicked on

2020-06-05 09:47:39 - [TEST_STEP][PASSED] - click(findTestObject("Object Repository/Page_Town Square -  Mattermost/div_vanhoang846 AM3Commented on vanhoangs m_f884db")): Object: 'Object Repository/Page_Town Square -  Mattermost/div_vanhoang846 AM3Commented on vanhoangs m_f884db' is clicked on

2020-06-05 09:47:44 - [MESSAGE][PASSED] - Object: 'Object Repository/Page_Town Square -  Mattermost/div_vanhoang846 AM3Commented on vanhoangs m_f884db' is clicked on

2020-06-05 09:47:44 - [TEST_STEP][PASSED] - click(findTestObject("17/Page_Town Square -  Mattermost/svg_1")): Object: 'Object Repository/17/Page_Town Square -  Mattermost/svg_1' is clicked on

2020-06-05 09:47:44 - [MESSAGE][PASSED] - Object: 'Object Repository/17/Page_Town Square -  Mattermost/svg_1' is clicked on

2020-06-05 09:47:44 - [TEST_STEP][PASSED] - setText(findTestObject("Object Repository/17/Page_Town Square -  Mattermost/textarea_Add a comment_reply_textbox"), ContentReply): Text 'hello' is set on object 'Object Repository/17/Page_Town Square -  Mattermost/textarea_Add a comment_reply_textbox'

2020-06-05 09:47:46 - [MESSAGE][PASSED] - Text 'hello' is set on object 'Object Repository/17/Page_Town Square -  Mattermost/textarea_Add a comment_reply_textbox'

2020-06-05 09:47:46 - [TEST_STEP][PASSED] - click(findTestObject("Object Repository/17/Page_Town Square -  Mattermost/input_Help_addCommentButton")): Object: 'Object Repository/17/Page_Town Square -  Mattermost/input_Help_addCommentButton' is clicked on

2020-06-05 09:47:46 - [MESSAGE][PASSED] - Object: 'Object Repository/17/Page_Town Square -  Mattermost/input_Help_addCommentButton' is clicked on

2020-06-05 09:47:46 - [TEST_STEP][PASSED] - click(findTestObject("Object Repository/17/Page_Town Square -  Mattermost/i_Message Details_fa fa-sign-out")): Object: 'Object Repository/17/Page_Town Square -  Mattermost/i_Message Details_fa fa-sign-out' is clicked on

2020-06-05 09:47:47 - [MESSAGE][PASSED] - Object: 'Object Repository/17/Page_Town Square -  Mattermost/i_Message Details_fa fa-sign-out' is clicked on]]></system-out>
         <system-err><![CDATA[]]></system-err>
      </testcase>
      <testcase name="Test Cases/datadriven/internal/TC_16_Reply" time="49.541" classname="Test Cases/datadriven/internal/TC_16_Reply" status="PASSED">
         <system-out><![CDATA[2020-06-05 09:47:47 - [TEST_CASE][PASSED] - Test Cases/datadriven/internal/TC_16_Reply: Test Cases/datadriven/internal/TC_16_Reply

2020-06-05 09:47:47 - [TEST_STEP][PASSED] - openBrowser(""): Browser is opened with url: ''

2020-06-05 09:47:48 - [MESSAGE][WARNING] - A browser is already opened. Closing browser and opening a new one

2020-06-05 09:47:57 - [MESSAGE][INFO] - Starting 'Firefox' driver

2020-06-05 09:47:57 - [MESSAGE][INFO] - Action delay is set to 0 milliseconds

2020-06-05 09:48:03 - [MESSAGE][PASSED] - Browser is opened with url: ''

2020-06-05 09:48:03 - [TEST_STEP][PASSED] - openBrowser(""): Browser is opened with url: ''

2020-06-05 09:48:03 - [MESSAGE][WARNING] - A browser is already opened. Closing browser and opening a new one

2020-06-05 09:48:11 - [MESSAGE][INFO] - Starting 'Firefox' driver

2020-06-05 09:48:11 - [MESSAGE][INFO] - Action delay is set to 0 milliseconds

2020-06-05 09:48:17 - [MESSAGE][PASSED] - Browser is opened with url: ''

2020-06-05 09:48:17 - [TEST_STEP][PASSED] - navigateToUrl("https://hw2katalonkattermost.herokuapp.com/login"): Navigate to 'https://hw2katalonkattermost.herokuapp.com/login' successfully

2020-06-05 09:48:24 - [MESSAGE][PASSED] - Navigate to 'https://hw2katalonkattermost.herokuapp.com/login' successfully

2020-06-05 09:48:24 - [TEST_STEP][PASSED] - setText(findTestObject("Object Repository/17/Page_Mattermost/input_All team communication in one place s_703ef5"), "vanhoang"): Text 'vanhoang' is set on object 'Object Repository/17/Page_Mattermost/input_All team communication in one place s_703ef5'

2020-06-05 09:48:28 - [MESSAGE][PASSED] - Text 'vanhoang' is set on object 'Object Repository/17/Page_Mattermost/input_All team communication in one place s_703ef5'

2020-06-05 09:48:28 - [TEST_STEP][PASSED] - setEncryptedText(findTestObject("Object Repository/Page_Mattermost/input_All team communication in one place s_2f2733"), "iGDxf8hSRT4="): Text ****** has been set on object 'Object Repository/Page_Mattermost/input_All team communication in one place s_2f2733'

2020-06-05 09:48:29 - [MESSAGE][PASSED] - Text ****** has been set on object 'Object Repository/Page_Mattermost/input_All team communication in one place s_2f2733'

2020-06-05 09:48:29 - [TEST_STEP][PASSED] - click(findTestObject("Object Repository/17/Page_Mattermost/span_Sign in")): Object: 'Object Repository/17/Page_Mattermost/span_Sign in' is clicked on

2020-06-05 09:48:30 - [MESSAGE][PASSED] - Object: 'Object Repository/17/Page_Mattermost/span_Sign in' is clicked on

2020-06-05 09:48:30 - [TEST_STEP][PASSED] - click(findTestObject("Object Repository/Page_Town Square -  Mattermost/div_vanhoang846 AM3Commented on vanhoangs m_f884db")): Object: 'Object Repository/Page_Town Square -  Mattermost/div_vanhoang846 AM3Commented on vanhoangs m_f884db' is clicked on

2020-06-05 09:48:33 - [MESSAGE][PASSED] - Object: 'Object Repository/Page_Town Square -  Mattermost/div_vanhoang846 AM3Commented on vanhoangs m_f884db' is clicked on

2020-06-05 09:48:33 - [TEST_STEP][PASSED] - click(findTestObject("17/Page_Town Square -  Mattermost/svg_1")): Object: 'Object Repository/17/Page_Town Square -  Mattermost/svg_1' is clicked on

2020-06-05 09:48:34 - [MESSAGE][PASSED] - Object: 'Object Repository/17/Page_Town Square -  Mattermost/svg_1' is clicked on

2020-06-05 09:48:34 - [TEST_STEP][PASSED] - setText(findTestObject("Object Repository/17/Page_Town Square -  Mattermost/textarea_Add a comment_reply_textbox"), ContentReply): Text 'hi! How are you?' is set on object 'Object Repository/17/Page_Town Square -  Mattermost/textarea_Add a comment_reply_textbox'

2020-06-05 09:48:35 - [MESSAGE][PASSED] - Text 'hi! How are you?' is set on object 'Object Repository/17/Page_Town Square -  Mattermost/textarea_Add a comment_reply_textbox'

2020-06-05 09:48:35 - [TEST_STEP][PASSED] - click(findTestObject("Object Repository/17/Page_Town Square -  Mattermost/input_Help_addCommentButton")): Object: 'Object Repository/17/Page_Town Square -  Mattermost/input_Help_addCommentButton' is clicked on

2020-06-05 09:48:36 - [MESSAGE][PASSED] - Object: 'Object Repository/17/Page_Town Square -  Mattermost/input_Help_addCommentButton' is clicked on

2020-06-05 09:48:36 - [TEST_STEP][PASSED] - click(findTestObject("Object Repository/17/Page_Town Square -  Mattermost/i_Message Details_fa fa-sign-out")): Object: 'Object Repository/17/Page_Town Square -  Mattermost/i_Message Details_fa fa-sign-out' is clicked on

2020-06-05 09:48:37 - [MESSAGE][PASSED] - Object: 'Object Repository/17/Page_Town Square -  Mattermost/i_Message Details_fa fa-sign-out' is clicked on]]></system-out>
         <system-err><![CDATA[]]></system-err>
      </testcase>
      <testcase name="Test Cases/datadriven/internal/TC_16_Reply" time="59.208" classname="Test Cases/datadriven/internal/TC_16_Reply" status="PASSED">
         <system-out><![CDATA[2020-06-05 09:48:37 - [TEST_CASE][PASSED] - Test Cases/datadriven/internal/TC_16_Reply: Test Cases/datadriven/internal/TC_16_Reply

2020-06-05 09:48:37 - [TEST_STEP][PASSED] - openBrowser(""): Browser is opened with url: ''

2020-06-05 09:48:37 - [MESSAGE][WARNING] - A browser is already opened. Closing browser and opening a new one

2020-06-05 09:48:46 - [MESSAGE][INFO] - Starting 'Firefox' driver

2020-06-05 09:48:46 - [MESSAGE][INFO] - Action delay is set to 0 milliseconds

2020-06-05 09:48:53 - [MESSAGE][PASSED] - Browser is opened with url: ''

2020-06-05 09:48:53 - [TEST_STEP][PASSED] - openBrowser(""): Browser is opened with url: ''

2020-06-05 09:48:53 - [MESSAGE][WARNING] - A browser is already opened. Closing browser and opening a new one

2020-06-05 09:49:04 - [MESSAGE][INFO] - Starting 'Firefox' driver

2020-06-05 09:49:04 - [MESSAGE][INFO] - Action delay is set to 0 milliseconds

2020-06-05 09:49:12 - [MESSAGE][PASSED] - Browser is opened with url: ''

2020-06-05 09:49:12 - [TEST_STEP][PASSED] - navigateToUrl("https://hw2katalonkattermost.herokuapp.com/login"): Navigate to 'https://hw2katalonkattermost.herokuapp.com/login' successfully

2020-06-05 09:49:23 - [MESSAGE][PASSED] - Navigate to 'https://hw2katalonkattermost.herokuapp.com/login' successfully

2020-06-05 09:49:23 - [TEST_STEP][PASSED] - setText(findTestObject("Object Repository/17/Page_Mattermost/input_All team communication in one place s_703ef5"), "vanhoang"): Text 'vanhoang' is set on object 'Object Repository/17/Page_Mattermost/input_All team communication in one place s_703ef5'

2020-06-05 09:49:28 - [MESSAGE][PASSED] - Text 'vanhoang' is set on object 'Object Repository/17/Page_Mattermost/input_All team communication in one place s_703ef5'

2020-06-05 09:49:28 - [TEST_STEP][PASSED] - setEncryptedText(findTestObject("Object Repository/Page_Mattermost/input_All team communication in one place s_2f2733"), "iGDxf8hSRT4="): Text ****** has been set on object 'Object Repository/Page_Mattermost/input_All team communication in one place s_2f2733'

2020-06-05 09:49:28 - [MESSAGE][PASSED] - Text ****** has been set on object 'Object Repository/Page_Mattermost/input_All team communication in one place s_2f2733'

2020-06-05 09:49:28 - [TEST_STEP][PASSED] - click(findTestObject("Object Repository/17/Page_Mattermost/span_Sign in")): Object: 'Object Repository/17/Page_Mattermost/span_Sign in' is clicked on

2020-06-05 09:49:29 - [MESSAGE][PASSED] - Object: 'Object Repository/17/Page_Mattermost/span_Sign in' is clicked on

2020-06-05 09:49:29 - [TEST_STEP][PASSED] - click(findTestObject("Object Repository/Page_Town Square -  Mattermost/div_vanhoang846 AM3Commented on vanhoangs m_f884db")): Object: 'Object Repository/Page_Town Square -  Mattermost/div_vanhoang846 AM3Commented on vanhoangs m_f884db' is clicked on

2020-06-05 09:49:32 - [MESSAGE][PASSED] - Object: 'Object Repository/Page_Town Square -  Mattermost/div_vanhoang846 AM3Commented on vanhoangs m_f884db' is clicked on

2020-06-05 09:49:32 - [TEST_STEP][PASSED] - click(findTestObject("17/Page_Town Square -  Mattermost/svg_1")): Object: 'Object Repository/17/Page_Town Square -  Mattermost/svg_1' is clicked on

2020-06-05 09:49:33 - [MESSAGE][PASSED] - Object: 'Object Repository/17/Page_Town Square -  Mattermost/svg_1' is clicked on

2020-06-05 09:49:33 - [TEST_STEP][PASSED] - setText(findTestObject("Object Repository/17/Page_Town Square -  Mattermost/textarea_Add a comment_reply_textbox"), ContentReply): Text 'I'm fine.' is set on object 'Object Repository/17/Page_Town Square -  Mattermost/textarea_Add a comment_reply_textbox'

2020-06-05 09:49:34 - [MESSAGE][PASSED] - Text 'I'm fine.' is set on object 'Object Repository/17/Page_Town Square -  Mattermost/textarea_Add a comment_reply_textbox'

2020-06-05 09:49:34 - [TEST_STEP][PASSED] - click(findTestObject("Object Repository/17/Page_Town Square -  Mattermost/input_Help_addCommentButton")): Object: 'Object Repository/17/Page_Town Square -  Mattermost/input_Help_addCommentButton' is clicked on

2020-06-05 09:49:35 - [MESSAGE][PASSED] - Object: 'Object Repository/17/Page_Town Square -  Mattermost/input_Help_addCommentButton' is clicked on

2020-06-05 09:49:35 - [TEST_STEP][PASSED] - click(findTestObject("Object Repository/17/Page_Town Square -  Mattermost/i_Message Details_fa fa-sign-out")): Object: 'Object Repository/17/Page_Town Square -  Mattermost/i_Message Details_fa fa-sign-out' is clicked on

2020-06-05 09:49:36 - [MESSAGE][PASSED] - Object: 'Object Repository/17/Page_Town Square -  Mattermost/i_Message Details_fa fa-sign-out' is clicked on]]></system-out>
         <system-err><![CDATA[]]></system-err>
      </testcase>
      <testcase name="Test Cases/datadriven/internal/TC_16_Reply" time="48.196" classname="Test Cases/datadriven/internal/TC_16_Reply" status="PASSED">
         <system-out><![CDATA[2020-06-05 09:49:36 - [TEST_CASE][PASSED] - Test Cases/datadriven/internal/TC_16_Reply: Test Cases/datadriven/internal/TC_16_Reply

2020-06-05 09:49:36 - [TEST_STEP][PASSED] - openBrowser(""): Browser is opened with url: ''

2020-06-05 09:49:36 - [MESSAGE][WARNING] - A browser is already opened. Closing browser and opening a new one

2020-06-05 09:49:43 - [MESSAGE][INFO] - Starting 'Firefox' driver

2020-06-05 09:49:43 - [MESSAGE][INFO] - Action delay is set to 0 milliseconds

2020-06-05 09:49:49 - [MESSAGE][PASSED] - Browser is opened with url: ''

2020-06-05 09:49:49 - [TEST_STEP][PASSED] - openBrowser(""): Browser is opened with url: ''

2020-06-05 09:49:49 - [MESSAGE][WARNING] - A browser is already opened. Closing browser and opening a new one

2020-06-05 09:49:58 - [MESSAGE][INFO] - Starting 'Firefox' driver

2020-06-05 09:49:58 - [MESSAGE][INFO] - Action delay is set to 0 milliseconds

2020-06-05 09:50:02 - [MESSAGE][PASSED] - Browser is opened with url: ''

2020-06-05 09:50:02 - [TEST_STEP][PASSED] - navigateToUrl("https://hw2katalonkattermost.herokuapp.com/login"): Navigate to 'https://hw2katalonkattermost.herokuapp.com/login' successfully

2020-06-05 09:50:11 - [MESSAGE][PASSED] - Navigate to 'https://hw2katalonkattermost.herokuapp.com/login' successfully

2020-06-05 09:50:11 - [TEST_STEP][PASSED] - setText(findTestObject("Object Repository/17/Page_Mattermost/input_All team communication in one place s_703ef5"), "vanhoang"): Text 'vanhoang' is set on object 'Object Repository/17/Page_Mattermost/input_All team communication in one place s_703ef5'

2020-06-05 09:50:15 - [MESSAGE][PASSED] - Text 'vanhoang' is set on object 'Object Repository/17/Page_Mattermost/input_All team communication in one place s_703ef5'

2020-06-05 09:50:15 - [TEST_STEP][PASSED] - setEncryptedText(findTestObject("Object Repository/Page_Mattermost/input_All team communication in one place s_2f2733"), "iGDxf8hSRT4="): Text ****** has been set on object 'Object Repository/Page_Mattermost/input_All team communication in one place s_2f2733'

2020-06-05 09:50:16 - [MESSAGE][PASSED] - Text ****** has been set on object 'Object Repository/Page_Mattermost/input_All team communication in one place s_2f2733'

2020-06-05 09:50:16 - [TEST_STEP][PASSED] - click(findTestObject("Object Repository/17/Page_Mattermost/span_Sign in")): Object: 'Object Repository/17/Page_Mattermost/span_Sign in' is clicked on

2020-06-05 09:50:17 - [MESSAGE][PASSED] - Object: 'Object Repository/17/Page_Mattermost/span_Sign in' is clicked on

2020-06-05 09:50:17 - [TEST_STEP][PASSED] - click(findTestObject("Object Repository/Page_Town Square -  Mattermost/div_vanhoang846 AM3Commented on vanhoangs m_f884db")): Object: 'Object Repository/Page_Town Square -  Mattermost/div_vanhoang846 AM3Commented on vanhoangs m_f884db' is clicked on

2020-06-05 09:50:21 - [MESSAGE][PASSED] - Object: 'Object Repository/Page_Town Square -  Mattermost/div_vanhoang846 AM3Commented on vanhoangs m_f884db' is clicked on

2020-06-05 09:50:21 - [TEST_STEP][PASSED] - click(findTestObject("17/Page_Town Square -  Mattermost/svg_1")): Object: 'Object Repository/17/Page_Town Square -  Mattermost/svg_1' is clicked on

2020-06-05 09:50:21 - [MESSAGE][PASSED] - Object: 'Object Repository/17/Page_Town Square -  Mattermost/svg_1' is clicked on

2020-06-05 09:50:21 - [TEST_STEP][PASSED] - setText(findTestObject("Object Repository/17/Page_Town Square -  Mattermost/textarea_Add a comment_reply_textbox"), ContentReply): Text 'Where do you live?' is set on object 'Object Repository/17/Page_Town Square -  Mattermost/textarea_Add a comment_reply_textbox'

2020-06-05 09:50:22 - [MESSAGE][PASSED] - Text 'Where do you live?' is set on object 'Object Repository/17/Page_Town Square -  Mattermost/textarea_Add a comment_reply_textbox'

2020-06-05 09:50:22 - [TEST_STEP][PASSED] - click(findTestObject("Object Repository/17/Page_Town Square -  Mattermost/input_Help_addCommentButton")): Object: 'Object Repository/17/Page_Town Square -  Mattermost/input_Help_addCommentButton' is clicked on

2020-06-05 09:50:23 - [MESSAGE][PASSED] - Object: 'Object Repository/17/Page_Town Square -  Mattermost/input_Help_addCommentButton' is clicked on

2020-06-05 09:50:23 - [TEST_STEP][PASSED] - click(findTestObject("Object Repository/17/Page_Town Square -  Mattermost/i_Message Details_fa fa-sign-out")): Object: 'Object Repository/17/Page_Town Square -  Mattermost/i_Message Details_fa fa-sign-out' is clicked on

2020-06-05 09:50:24 - [MESSAGE][PASSED] - Object: 'Object Repository/17/Page_Town Square -  Mattermost/i_Message Details_fa fa-sign-out' is clicked on]]></system-out>
         <system-err><![CDATA[]]></system-err>
      </testcase>
      <testcase name="Test Cases/datadriven/internal/TC_16_Reply" time="44.621" classname="Test Cases/datadriven/internal/TC_16_Reply" status="PASSED">
         <system-out><![CDATA[2020-06-05 09:50:24 - [TEST_CASE][PASSED] - Test Cases/datadriven/internal/TC_16_Reply: Test Cases/datadriven/internal/TC_16_Reply

2020-06-05 09:50:24 - [TEST_STEP][PASSED] - openBrowser(""): Browser is opened with url: ''

2020-06-05 09:50:24 - [MESSAGE][WARNING] - A browser is already opened. Closing browser and opening a new one

2020-06-05 09:50:30 - [MESSAGE][INFO] - Starting 'Firefox' driver

2020-06-05 09:50:30 - [MESSAGE][INFO] - Action delay is set to 0 milliseconds

2020-06-05 09:50:36 - [MESSAGE][PASSED] - Browser is opened with url: ''

2020-06-05 09:50:36 - [TEST_STEP][PASSED] - openBrowser(""): Browser is opened with url: ''

2020-06-05 09:50:36 - [MESSAGE][WARNING] - A browser is already opened. Closing browser and opening a new one

2020-06-05 09:50:42 - [MESSAGE][INFO] - Starting 'Firefox' driver

2020-06-05 09:50:42 - [MESSAGE][INFO] - Action delay is set to 0 milliseconds

2020-06-05 09:50:49 - [MESSAGE][PASSED] - Browser is opened with url: ''

2020-06-05 09:50:49 - [TEST_STEP][PASSED] - navigateToUrl("https://hw2katalonkattermost.herokuapp.com/login"): Navigate to 'https://hw2katalonkattermost.herokuapp.com/login' successfully

2020-06-05 09:50:55 - [MESSAGE][PASSED] - Navigate to 'https://hw2katalonkattermost.herokuapp.com/login' successfully

2020-06-05 09:50:55 - [TEST_STEP][PASSED] - setText(findTestObject("Object Repository/17/Page_Mattermost/input_All team communication in one place s_703ef5"), "vanhoang"): Text 'vanhoang' is set on object 'Object Repository/17/Page_Mattermost/input_All team communication in one place s_703ef5'

2020-06-05 09:50:59 - [MESSAGE][PASSED] - Text 'vanhoang' is set on object 'Object Repository/17/Page_Mattermost/input_All team communication in one place s_703ef5'

2020-06-05 09:50:59 - [TEST_STEP][PASSED] - setEncryptedText(findTestObject("Object Repository/Page_Mattermost/input_All team communication in one place s_2f2733"), "iGDxf8hSRT4="): Text ****** has been set on object 'Object Repository/Page_Mattermost/input_All team communication in one place s_2f2733'

2020-06-05 09:51:00 - [MESSAGE][PASSED] - Text ****** has been set on object 'Object Repository/Page_Mattermost/input_All team communication in one place s_2f2733'

2020-06-05 09:51:00 - [TEST_STEP][PASSED] - click(findTestObject("Object Repository/17/Page_Mattermost/span_Sign in")): Object: 'Object Repository/17/Page_Mattermost/span_Sign in' is clicked on

2020-06-05 09:51:01 - [MESSAGE][PASSED] - Object: 'Object Repository/17/Page_Mattermost/span_Sign in' is clicked on

2020-06-05 09:51:01 - [TEST_STEP][PASSED] - click(findTestObject("Object Repository/Page_Town Square -  Mattermost/div_vanhoang846 AM3Commented on vanhoangs m_f884db")): Object: 'Object Repository/Page_Town Square -  Mattermost/div_vanhoang846 AM3Commented on vanhoangs m_f884db' is clicked on

2020-06-05 09:51:05 - [MESSAGE][PASSED] - Object: 'Object Repository/Page_Town Square -  Mattermost/div_vanhoang846 AM3Commented on vanhoangs m_f884db' is clicked on

2020-06-05 09:51:05 - [TEST_STEP][PASSED] - click(findTestObject("17/Page_Town Square -  Mattermost/svg_1")): Object: 'Object Repository/17/Page_Town Square -  Mattermost/svg_1' is clicked on

2020-06-05 09:51:06 - [MESSAGE][PASSED] - Object: 'Object Repository/17/Page_Town Square -  Mattermost/svg_1' is clicked on

2020-06-05 09:51:06 - [TEST_STEP][PASSED] - setText(findTestObject("Object Repository/17/Page_Town Square -  Mattermost/textarea_Add a comment_reply_textbox"), ContentReply): Text 'Nice to meet you.' is set on object 'Object Repository/17/Page_Town Square -  Mattermost/textarea_Add a comment_reply_textbox'

2020-06-05 09:51:07 - [MESSAGE][PASSED] - Text 'Nice to meet you.' is set on object 'Object Repository/17/Page_Town Square -  Mattermost/textarea_Add a comment_reply_textbox'

2020-06-05 09:51:07 - [TEST_STEP][PASSED] - click(findTestObject("Object Repository/17/Page_Town Square -  Mattermost/input_Help_addCommentButton")): Object: 'Object Repository/17/Page_Town Square -  Mattermost/input_Help_addCommentButton' is clicked on

2020-06-05 09:51:08 - [MESSAGE][PASSED] - Object: 'Object Repository/17/Page_Town Square -  Mattermost/input_Help_addCommentButton' is clicked on

2020-06-05 09:51:08 - [TEST_STEP][PASSED] - click(findTestObject("Object Repository/17/Page_Town Square -  Mattermost/i_Message Details_fa fa-sign-out")): Object: 'Object Repository/17/Page_Town Square -  Mattermost/i_Message Details_fa fa-sign-out' is clicked on

2020-06-05 09:51:09 - [MESSAGE][PASSED] - Object: 'Object Repository/17/Page_Town Square -  Mattermost/i_Message Details_fa fa-sign-out' is clicked on]]></system-out>
         <system-err><![CDATA[]]></system-err>
      </testcase>
      <system-out><![CDATA[2020-06-05 09:46:57 - [TEST_SUITE][PASSED] - TS_16: Test Cases/datadriven/internal/TC_16_Reply]]></system-out>
      <system-err><![CDATA[]]></system-err>
   </testsuite>
</testsuites>
