<?xml version="1.0" encoding="UTF-8"?>
<testsuites name="signup_datadriven_suite" time="67.711" tests="5" failures="0" errors="0">
   <testsuite name="signup_datadriven_suite" tests="5" failures="0" errors="0" time="67.711" timestamp="2020-05-29 14:36:57" hostname="Van Hoang - DESKTOP-P2TV5PF" id="Test Suites/signup_datadriven_suite">
      <properties>
         <property name="deviceName" value=""/>
         <property name="devicePlatform" value=""/>
         <property name="logFolder" value="C:\\Users\\Van Hoang\\git\\1512660_hw2_katalon\\Reports\\20200529_143656\\signup_datadriven_suite\\20200529_143656"/>
         <property name="logFiles" value="C:\\Users\\Van Hoang\\git\\1512660_hw2_katalon\\Reports\\20200529_143656\\signup_datadriven_suite\\20200529_143656\\execution0.log"/>
         <property name="attachments" value=""/>
         <property name="hostName" value="Van Hoang - DESKTOP-P2TV5PF"/>
         <property name="os" value="Windows 10 64bit"/>
         <property name="katalonVersion" value="7.4.0.1"/>
         <property name="browser" value="Chrome 83.0.4103.61"/>
         <property name="hostAddress" value="192.168.1.6"/>
         <property name="sessionId" value="d089f27d1b7c42e59eb34b5b1f473db8"/>
         <property name="seleniumVersion" value="3.141.59"/>
         <property name="proxyInformation" value="ProxyInformation{proxyOption=NO_PROXY, proxyServerType=HTTP, password=, proxyServerAddress=, proxyServerPort=0, executionList=}"/>
         <property name="platform" value="Windows 10"/>
      </properties>
      <testcase name="Test Cases/signup_datadriven_testcase" time="15.24" classname="Test Cases/signup_datadriven_testcase" status="PASSED">
         <system-out><![CDATA[2020-05-29 14:36:58 - [TEST_CASE][PASSED] - Test Cases/signup_datadriven_testcase: Test Cases/signup_datadriven_testcase

2020-05-29 14:36:58 - [TEST_STEP][PASSED] - openBrowser(""): Browser is opened with url: ''

2020-05-29 14:36:58 - [MESSAGE][INFO] - Starting 'Chrome' driver

2020-05-29 14:36:58 - [MESSAGE][INFO] - Action delay is set to 0 milliseconds

2020-05-29 14:37:02 - [MESSAGE][PASSED] - Browser is opened with url: ''

2020-05-29 14:37:02 - [TEST_STEP][PASSED] - navigateToUrl("https://hw2katalonkattermost.herokuapp.com/signup_email"): Navigate to 'https://hw2katalonkattermost.herokuapp.com/signup_email' successfully

2020-05-29 14:37:06 - [MESSAGE][PASSED] - Navigate to 'https://hw2katalonkattermost.herokuapp.com/signup_email' successfully

2020-05-29 14:37:06 - [TEST_STEP][PASSED] - setText(findTestObject("Object Repository/Page_Mattermost/input_concat(What  s your email address)_email"), email): Text '' is set on object 'Object Repository/Page_Mattermost/input_concat(What  s your email address)_email'

2020-05-29 14:37:11 - [MESSAGE][PASSED] - Text '' is set on object 'Object Repository/Page_Mattermost/input_concat(What  s your email address)_email'

2020-05-29 14:37:11 - [TEST_STEP][PASSED] - setText(findTestObject("Object Repository/Page_Mattermost/input_Choose your username_name"), usn): Text '' is set on object 'Object Repository/Page_Mattermost/input_Choose your username_name'

2020-05-29 14:37:11 - [MESSAGE][PASSED] - Text '' is set on object 'Object Repository/Page_Mattermost/input_Choose your username_name'

2020-05-29 14:37:11 - [TEST_STEP][PASSED] - setText(findTestObject("Object Repository/Page_Mattermost/input_Choose your password_password"), pwd): Text 'abc123' is set on object 'Object Repository/Page_Mattermost/input_Choose your password_password'

2020-05-29 14:37:12 - [MESSAGE][PASSED] - Text 'abc123' is set on object 'Object Repository/Page_Mattermost/input_Choose your password_password'

2020-05-29 14:37:12 - [TEST_STEP][PASSED] - click(findTestObject("Object Repository/Page_Mattermost/span_Create Account")): Object: 'Object Repository/Page_Mattermost/span_Create Account' is clicked on

2020-05-29 14:37:12 - [MESSAGE][PASSED] - Object: 'Object Repository/Page_Mattermost/span_Create Account' is clicked on

2020-05-29 14:37:12 - [TEST_STEP][PASSED] - closeBrowser(): Browser is closed

2020-05-29 14:37:13 - [MESSAGE][PASSED] - Browser is closed]]></system-out>
         <system-err><![CDATA[]]></system-err>
      </testcase>
      <testcase name="Test Cases/signup_datadriven_testcase" time="12.726" classname="Test Cases/signup_datadriven_testcase" status="PASSED">
         <system-out><![CDATA[2020-05-29 14:37:13 - [TEST_CASE][PASSED] - Test Cases/signup_datadriven_testcase: Test Cases/signup_datadriven_testcase

2020-05-29 14:37:13 - [TEST_STEP][PASSED] - openBrowser(""): Browser is opened with url: ''

2020-05-29 14:37:13 - [MESSAGE][INFO] - Starting 'Chrome' driver

2020-05-29 14:37:13 - [MESSAGE][INFO] - Action delay is set to 0 milliseconds

2020-05-29 14:37:16 - [MESSAGE][PASSED] - Browser is opened with url: ''

2020-05-29 14:37:16 - [TEST_STEP][PASSED] - navigateToUrl("https://hw2katalonkattermost.herokuapp.com/signup_email"): Navigate to 'https://hw2katalonkattermost.herokuapp.com/signup_email' successfully

2020-05-29 14:37:19 - [MESSAGE][PASSED] - Navigate to 'https://hw2katalonkattermost.herokuapp.com/signup_email' successfully

2020-05-29 14:37:19 - [TEST_STEP][PASSED] - setText(findTestObject("Object Repository/Page_Mattermost/input_concat(What  s your email address)_email"), email): Text 'a123' is set on object 'Object Repository/Page_Mattermost/input_concat(What  s your email address)_email'

2020-05-29 14:37:24 - [MESSAGE][PASSED] - Text 'a123' is set on object 'Object Repository/Page_Mattermost/input_concat(What  s your email address)_email'

2020-05-29 14:37:24 - [TEST_STEP][PASSED] - setText(findTestObject("Object Repository/Page_Mattermost/input_Choose your username_name"), usn): Text 'abc' is set on object 'Object Repository/Page_Mattermost/input_Choose your username_name'

2020-05-29 14:37:24 - [MESSAGE][PASSED] - Text 'abc' is set on object 'Object Repository/Page_Mattermost/input_Choose your username_name'

2020-05-29 14:37:24 - [TEST_STEP][PASSED] - setText(findTestObject("Object Repository/Page_Mattermost/input_Choose your password_password"), pwd): Text 'abc' is set on object 'Object Repository/Page_Mattermost/input_Choose your password_password'

2020-05-29 14:37:25 - [MESSAGE][PASSED] - Text 'abc' is set on object 'Object Repository/Page_Mattermost/input_Choose your password_password'

2020-05-29 14:37:25 - [TEST_STEP][PASSED] - click(findTestObject("Object Repository/Page_Mattermost/span_Create Account")): Object: 'Object Repository/Page_Mattermost/span_Create Account' is clicked on

2020-05-29 14:37:25 - [MESSAGE][PASSED] - Object: 'Object Repository/Page_Mattermost/span_Create Account' is clicked on

2020-05-29 14:37:25 - [TEST_STEP][PASSED] - closeBrowser(): Browser is closed

2020-05-29 14:37:26 - [MESSAGE][PASSED] - Browser is closed]]></system-out>
         <system-err><![CDATA[]]></system-err>
      </testcase>
      <testcase name="Test Cases/signup_datadriven_testcase" time="12.669" classname="Test Cases/signup_datadriven_testcase" status="PASSED">
         <system-out><![CDATA[2020-05-29 14:37:26 - [TEST_CASE][PASSED] - Test Cases/signup_datadriven_testcase: Test Cases/signup_datadriven_testcase

2020-05-29 14:37:26 - [TEST_STEP][PASSED] - openBrowser(""): Browser is opened with url: ''

2020-05-29 14:37:26 - [MESSAGE][INFO] - Starting 'Chrome' driver

2020-05-29 14:37:26 - [MESSAGE][INFO] - Action delay is set to 0 milliseconds

2020-05-29 14:37:29 - [MESSAGE][PASSED] - Browser is opened with url: ''

2020-05-29 14:37:29 - [TEST_STEP][PASSED] - navigateToUrl("https://hw2katalonkattermost.herokuapp.com/signup_email"): Navigate to 'https://hw2katalonkattermost.herokuapp.com/signup_email' successfully

2020-05-29 14:37:32 - [MESSAGE][PASSED] - Navigate to 'https://hw2katalonkattermost.herokuapp.com/signup_email' successfully

2020-05-29 14:37:32 - [TEST_STEP][PASSED] - setText(findTestObject("Object Repository/Page_Mattermost/input_concat(What  s your email address)_email"), email): Text 'abc@gmail.com' is set on object 'Object Repository/Page_Mattermost/input_concat(What  s your email address)_email'

2020-05-29 14:37:36 - [MESSAGE][PASSED] - Text 'abc@gmail.com' is set on object 'Object Repository/Page_Mattermost/input_concat(What  s your email address)_email'

2020-05-29 14:37:36 - [TEST_STEP][PASSED] - setText(findTestObject("Object Repository/Page_Mattermost/input_Choose your username_name"), usn): Text '' is set on object 'Object Repository/Page_Mattermost/input_Choose your username_name'

2020-05-29 14:37:37 - [MESSAGE][PASSED] - Text '' is set on object 'Object Repository/Page_Mattermost/input_Choose your username_name'

2020-05-29 14:37:37 - [TEST_STEP][PASSED] - setText(findTestObject("Object Repository/Page_Mattermost/input_Choose your password_password"), pwd): Text 'abc123' is set on object 'Object Repository/Page_Mattermost/input_Choose your password_password'

2020-05-29 14:37:37 - [MESSAGE][PASSED] - Text 'abc123' is set on object 'Object Repository/Page_Mattermost/input_Choose your password_password'

2020-05-29 14:37:37 - [TEST_STEP][PASSED] - click(findTestObject("Object Repository/Page_Mattermost/span_Create Account")): Object: 'Object Repository/Page_Mattermost/span_Create Account' is clicked on

2020-05-29 14:37:38 - [MESSAGE][PASSED] - Object: 'Object Repository/Page_Mattermost/span_Create Account' is clicked on

2020-05-29 14:37:38 - [TEST_STEP][PASSED] - closeBrowser(): Browser is closed

2020-05-29 14:37:38 - [MESSAGE][PASSED] - Browser is closed]]></system-out>
         <system-err><![CDATA[]]></system-err>
      </testcase>
      <testcase name="Test Cases/signup_datadriven_testcase" time="13.208" classname="Test Cases/signup_datadriven_testcase" status="PASSED">
         <system-out><![CDATA[2020-05-29 14:37:38 - [TEST_CASE][PASSED] - Test Cases/signup_datadriven_testcase: Test Cases/signup_datadriven_testcase

2020-05-29 14:37:38 - [TEST_STEP][PASSED] - openBrowser(""): Browser is opened with url: ''

2020-05-29 14:37:38 - [MESSAGE][INFO] - Starting 'Chrome' driver

2020-05-29 14:37:38 - [MESSAGE][INFO] - Action delay is set to 0 milliseconds

2020-05-29 14:37:41 - [MESSAGE][PASSED] - Browser is opened with url: ''

2020-05-29 14:37:41 - [TEST_STEP][PASSED] - navigateToUrl("https://hw2katalonkattermost.herokuapp.com/signup_email"): Navigate to 'https://hw2katalonkattermost.herokuapp.com/signup_email' successfully

2020-05-29 14:37:45 - [MESSAGE][PASSED] - Navigate to 'https://hw2katalonkattermost.herokuapp.com/signup_email' successfully

2020-05-29 14:37:45 - [TEST_STEP][PASSED] - setText(findTestObject("Object Repository/Page_Mattermost/input_concat(What  s your email address)_email"), email): Text 'abc@gmail.com' is set on object 'Object Repository/Page_Mattermost/input_concat(What  s your email address)_email'

2020-05-29 14:37:49 - [MESSAGE][PASSED] - Text 'abc@gmail.com' is set on object 'Object Repository/Page_Mattermost/input_concat(What  s your email address)_email'

2020-05-29 14:37:49 - [TEST_STEP][PASSED] - setText(findTestObject("Object Repository/Page_Mattermost/input_Choose your username_name"), usn): Text 'abc' is set on object 'Object Repository/Page_Mattermost/input_Choose your username_name'

2020-05-29 14:37:50 - [MESSAGE][PASSED] - Text 'abc' is set on object 'Object Repository/Page_Mattermost/input_Choose your username_name'

2020-05-29 14:37:50 - [TEST_STEP][PASSED] - setText(findTestObject("Object Repository/Page_Mattermost/input_Choose your password_password"), pwd): Text '' is set on object 'Object Repository/Page_Mattermost/input_Choose your password_password'

2020-05-29 14:37:51 - [MESSAGE][PASSED] - Text '' is set on object 'Object Repository/Page_Mattermost/input_Choose your password_password'

2020-05-29 14:37:51 - [TEST_STEP][PASSED] - click(findTestObject("Object Repository/Page_Mattermost/span_Create Account")): Object: 'Object Repository/Page_Mattermost/span_Create Account' is clicked on

2020-05-29 14:37:51 - [MESSAGE][PASSED] - Object: 'Object Repository/Page_Mattermost/span_Create Account' is clicked on

2020-05-29 14:37:51 - [TEST_STEP][PASSED] - closeBrowser(): Browser is closed

2020-05-29 14:37:52 - [MESSAGE][PASSED] - Browser is closed]]></system-out>
         <system-err><![CDATA[]]></system-err>
      </testcase>
      <testcase name="Test Cases/signup_datadriven_testcase" time="13.501" classname="Test Cases/signup_datadriven_testcase" status="PASSED">
         <system-out><![CDATA[2020-05-29 14:37:52 - [TEST_CASE][PASSED] - Test Cases/signup_datadriven_testcase: Test Cases/signup_datadriven_testcase

2020-05-29 14:37:52 - [TEST_STEP][PASSED] - openBrowser(""): Browser is opened with url: ''

2020-05-29 14:37:52 - [MESSAGE][INFO] - Starting 'Chrome' driver

2020-05-29 14:37:52 - [MESSAGE][INFO] - Action delay is set to 0 milliseconds

2020-05-29 14:37:55 - [MESSAGE][PASSED] - Browser is opened with url: ''

2020-05-29 14:37:55 - [TEST_STEP][PASSED] - navigateToUrl("https://hw2katalonkattermost.herokuapp.com/signup_email"): Navigate to 'https://hw2katalonkattermost.herokuapp.com/signup_email' successfully

2020-05-29 14:37:58 - [MESSAGE][PASSED] - Navigate to 'https://hw2katalonkattermost.herokuapp.com/signup_email' successfully

2020-05-29 14:37:58 - [TEST_STEP][PASSED] - setText(findTestObject("Object Repository/Page_Mattermost/input_concat(What  s your email address)_email"), email): Text '' is set on object 'Object Repository/Page_Mattermost/input_concat(What  s your email address)_email'

2020-05-29 14:38:02 - [MESSAGE][PASSED] - Text '' is set on object 'Object Repository/Page_Mattermost/input_concat(What  s your email address)_email'

2020-05-29 14:38:02 - [TEST_STEP][PASSED] - setText(findTestObject("Object Repository/Page_Mattermost/input_Choose your username_name"), usn): Text 'abc' is set on object 'Object Repository/Page_Mattermost/input_Choose your username_name'

2020-05-29 14:38:03 - [MESSAGE][PASSED] - Text 'abc' is set on object 'Object Repository/Page_Mattermost/input_Choose your username_name'

2020-05-29 14:38:03 - [TEST_STEP][PASSED] - setText(findTestObject("Object Repository/Page_Mattermost/input_Choose your password_password"), pwd): Text 'abc123' is set on object 'Object Repository/Page_Mattermost/input_Choose your password_password'

2020-05-29 14:38:03 - [MESSAGE][PASSED] - Text 'abc123' is set on object 'Object Repository/Page_Mattermost/input_Choose your password_password'

2020-05-29 14:38:03 - [TEST_STEP][PASSED] - click(findTestObject("Object Repository/Page_Mattermost/span_Create Account")): Object: 'Object Repository/Page_Mattermost/span_Create Account' is clicked on

2020-05-29 14:38:04 - [MESSAGE][PASSED] - Object: 'Object Repository/Page_Mattermost/span_Create Account' is clicked on

2020-05-29 14:38:04 - [TEST_STEP][PASSED] - closeBrowser(): Browser is closed

2020-05-29 14:38:05 - [MESSAGE][PASSED] - Browser is closed]]></system-out>
         <system-err><![CDATA[]]></system-err>
      </testcase>
      <system-out><![CDATA[2020-05-29 14:36:57 - [TEST_SUITE][PASSED] - signup_datadriven_suite: Test Cases/signup_datadriven_testcase]]></system-out>
      <system-err><![CDATA[]]></system-err>
   </testsuite>
</testsuites>
