<?xml version="1.0" encoding="UTF-8"?>
<testsuites name="TS_06_ViewUser_datadriven" time="35.432" tests="1" failures="0" errors="0">
   <testsuite name="TS_06_ViewUser_datadriven" tests="1" failures="0" errors="0" time="35.432" timestamp="2020-06-04 23:51:11" hostname="ducnguyen - buitmaithanh-is" id="Test Suites/datadriven/internal/TS_06_ViewUser_datadriven">
      <properties>
         <property name="deviceName" value=""/>
         <property name="devicePlatform" value=""/>
         <property name="logFolder" value="D:\\GITHUB\\Katalon_hw2\\Reports\\20200604_235108\\datadriven\\internal\\TS_06_ViewUser_datadriven\\20200604_235108"/>
         <property name="logFiles" value="D:\\GITHUB\\Katalon_hw2\\Reports\\20200604_235108\\datadriven\\internal\\TS_06_ViewUser_datadriven\\20200604_235108\\execution0.log"/>
         <property name="attachments" value=""/>
         <property name="hostName" value="ducnguyen - buitmaithanh-is"/>
         <property name="os" value="Windows 10 64bit"/>
         <property name="katalonVersion" value="7.5.2.1"/>
         <property name="browser" value="Firefox 76.0"/>
         <property name="hostAddress" value="192.168.88.2"/>
         <property name="sessionId" value="3977fdc0-b64c-4357-b9ce-1b283cf6c8fb"/>
         <property name="seleniumVersion" value="3.141.59"/>
         <property name="proxyInformation" value="ProxyInformation { proxyOption=NO_PROXY, proxyServerType=HTTP, username=, password=********, proxyServerAddress=, proxyServerPort=0, executionList=\&quot;\&quot;, isApplyToDesiredCapabilities=true }"/>
         <property name="platform" value="Windows 10"/>
      </properties>
      <testcase name="Test Cases/datadriven/internal/TC_06_ViewUser_datadriven" time="34.965" classname="Test Cases/datadriven/internal/TC_06_ViewUser_datadriven" status="PASSED">
         <system-out><![CDATA[2020-06-04 23:51:11 - [TEST_CASE][PASSED] - Test Cases/datadriven/internal/TC_06_ViewUser_datadriven: Test Cases/datadriven/internal/TC_06_ViewUser_datadriven

2020-06-04 23:51:12 - [TEST_STEP][PASSED] - openBrowser(""): Browser is opened with url: ''

2020-06-04 23:51:12 - [MESSAGE][INFO] - Starting 'Firefox' driver

2020-06-04 23:51:12 - [MESSAGE][INFO] - Action delay is set to 0 milliseconds

2020-06-04 23:51:20 - [MESSAGE][PASSED] - Browser is opened with url: ''

2020-06-04 23:51:20 - [TEST_STEP][PASSED] - navigateToUrl("https://hw2katalonkattermost.herokuapp.com/login"): Navigate to 'https://hw2katalonkattermost.herokuapp.com/login' successfully

2020-06-04 23:51:28 - [MESSAGE][PASSED] - Navigate to 'https://hw2katalonkattermost.herokuapp.com/login' successfully

2020-06-04 23:51:28 - [TEST_STEP][PASSED] - setText(findTestObject("Page_Mattermost/input_All team communication in one place s_703ef5"), "vanhoang"): Text 'vanhoang' is set on object 'Object Repository/Page_Mattermost/input_All team communication in one place s_703ef5'

2020-06-04 23:51:33 - [MESSAGE][PASSED] - Text 'vanhoang' is set on object 'Object Repository/Page_Mattermost/input_All team communication in one place s_703ef5'

2020-06-04 23:51:33 - [TEST_STEP][PASSED] - setEncryptedText(findTestObject("Page_Mattermost/input_All team communication in one place s_2f2733"), "iGDxf8hSRT4="): Text ****** has been set on object 'Object Repository/Page_Mattermost/input_All team communication in one place s_2f2733'

2020-06-04 23:51:34 - [MESSAGE][PASSED] - Text ****** has been set on object 'Object Repository/Page_Mattermost/input_All team communication in one place s_2f2733'

2020-06-04 23:51:34 - [TEST_STEP][PASSED] - click(findTestObject("Page_Mattermost/span_Sign in")): Object: 'Object Repository/Page_Mattermost/span_Sign in' is clicked on

2020-06-04 23:51:34 - [MESSAGE][PASSED] - Object: 'Object Repository/Page_Mattermost/span_Sign in' is clicked on

2020-06-04 23:51:34 - [TEST_STEP][PASSED] - click(findTestObject("Object Repository/Page_vanhoang - test Mattermost/svg")): Object: 'Object Repository/Page_vanhoang - test Mattermost/svg' is clicked on

2020-06-04 23:51:38 - [MESSAGE][PASSED] - Object: 'Object Repository/Page_vanhoang - test Mattermost/svg' is clicked on

2020-06-04 23:51:38 - [TEST_STEP][PASSED] - click(findTestObject("Object Repository/Page_vanhoang - test Mattermost/span_System Console")): Object: 'Object Repository/Page_vanhoang - test Mattermost/span_System Console' is clicked on

2020-06-04 23:51:39 - [MESSAGE][PASSED] - Object: 'Object Repository/Page_vanhoang - test Mattermost/span_System Console' is clicked on

2020-06-04 23:51:39 - [TEST_STEP][PASSED] - click(findTestObject("Object Repository/Page_System Console - Mattermost/span_Users")): Object: 'Object Repository/Page_System Console - Mattermost/span_Users' is clicked on

2020-06-04 23:51:41 - [MESSAGE][PASSED] - Object: 'Object Repository/Page_System Console - Mattermost/span_Users' is clicked on

2020-06-04 23:51:41 - [TEST_STEP][PASSED] - for (def index : (0..0)): null

2020-06-04 23:51:41 - [TEST_STEP][PASSED] - closeBrowser(): Browser is closed

2020-06-04 23:51:46 - [MESSAGE][PASSED] - Browser is closed]]></system-out>
         <system-err><![CDATA[]]></system-err>
      </testcase>
      <system-out><![CDATA[2020-06-04 23:51:11 - [TEST_SUITE][PASSED] - TS_06_ViewUser_datadriven: Test Cases/datadriven/internal/TC_06_ViewUser_datadriven]]></system-out>
      <system-err><![CDATA[]]></system-err>
   </testsuite>
</testsuites>
