<?xml version="1.0" encoding="UTF-8"?>
<testsuites name="TS_08_EditUserName_datadriven" time="114.353" tests="5" failures="0" errors="0">
   <testsuite name="TS_08_EditUserName_datadriven" tests="5" failures="0" errors="0" time="114.353" timestamp="2020-06-03 17:05:03" hostname="Van Hoang - DESKTOP-P2TV5PF" id="Test Suites/datadriven/internal/TS_08_EditUserName_datadriven">
      <properties>
         <property name="deviceName" value=""/>
         <property name="devicePlatform" value=""/>
         <property name="logFolder" value="C:\\Users\\Van Hoang\\git\\1512660_hw2_katalon\\Reports\\20200603_170502\\datadriven\\internal\\TS_08_EditUserName_datadriven\\20200603_170502"/>
         <property name="logFiles" value="C:\\Users\\Van Hoang\\git\\1512660_hw2_katalon\\Reports\\20200603_170502\\datadriven\\internal\\TS_08_EditUserName_datadriven\\20200603_170502\\execution0.log"/>
         <property name="attachments" value=""/>
         <property name="hostName" value="Van Hoang - DESKTOP-P2TV5PF"/>
         <property name="os" value="Windows 10 64bit"/>
         <property name="katalonVersion" value="7.4.0.1"/>
         <property name="browser" value="Chrome 83.0.4103.61"/>
         <property name="hostAddress" value="192.168.1.6"/>
         <property name="sessionId" value="a54da2bf6a445647f7f480f0e4b3330e"/>
         <property name="seleniumVersion" value="3.141.59"/>
         <property name="proxyInformation" value="ProxyInformation{proxyOption=NO_PROXY, proxyServerType=HTTP, password=, proxyServerAddress=, proxyServerPort=0, executionList=}"/>
         <property name="platform" value="Windows 10"/>
      </properties>
      <testcase name="Test Cases/datadriven/internal/TC_08_EditUserName_datadriven" time="22.673" classname="Test Cases/datadriven/internal/TC_08_EditUserName_datadriven" status="PASSED">
         <system-out><![CDATA[2020-06-03 17:05:03 - [TEST_CASE][PASSED] - Test Cases/datadriven/internal/TC_08_EditUserName_datadriven: Test Cases/datadriven/internal/TC_08_EditUserName_datadriven

2020-06-03 17:05:04 - [TEST_STEP][PASSED] - openBrowser(""): Browser is opened with url: ''

2020-06-03 17:05:04 - [MESSAGE][INFO] - Starting 'Chrome' driver

2020-06-03 17:05:04 - [MESSAGE][INFO] - Action delay is set to 0 milliseconds

2020-06-03 17:05:08 - [MESSAGE][PASSED] - Browser is opened with url: ''

2020-06-03 17:05:08 - [TEST_STEP][PASSED] - navigateToUrl("https://hw2katalonkattermost.herokuapp.com/test/channels/town-square"): Navigate to 'https://hw2katalonkattermost.herokuapp.com/test/channels/town-square' successfully

2020-06-03 17:05:11 - [MESSAGE][PASSED] - Navigate to 'https://hw2katalonkattermost.herokuapp.com/test/channels/town-square' successfully

2020-06-03 17:05:11 - [TEST_STEP][PASSED] - setText(findTestObject("Page_Mattermost/input_All team communication in one place s_703ef5"), "vanhoang"): Text 'vanhoang' is set on object 'Object Repository/Page_Mattermost/input_All team communication in one place s_703ef5'

2020-06-03 17:05:18 - [MESSAGE][PASSED] - Text 'vanhoang' is set on object 'Object Repository/Page_Mattermost/input_All team communication in one place s_703ef5'

2020-06-03 17:05:18 - [TEST_STEP][PASSED] - setEncryptedText(findTestObject("Page_Mattermost/input_All team communication in one place s_2f2733"), "iGDxf8hSRT4="): Text ****** has been set on object 'Object Repository/Page_Mattermost/input_All team communication in one place s_2f2733'

2020-06-03 17:05:19 - [MESSAGE][PASSED] - Text ****** has been set on object 'Object Repository/Page_Mattermost/input_All team communication in one place s_2f2733'

2020-06-03 17:05:19 - [TEST_STEP][PASSED] - click(findTestObject("Page_Mattermost/span_Sign in")): Object: 'Object Repository/Page_Mattermost/span_Sign in' is clicked on

2020-06-03 17:05:19 - [MESSAGE][PASSED] - Object: 'Object Repository/Page_Mattermost/span_Sign in' is clicked on

2020-06-03 17:05:19 - [TEST_STEP][PASSED] - click(findTestObject("Page_Town Square - test Mattermost/span")): Object: 'Object Repository/Page_Town Square - test Mattermost/span' is clicked on

2020-06-03 17:05:22 - [MESSAGE][PASSED] - Object: 'Object Repository/Page_Town Square - test Mattermost/span' is clicked on

2020-06-03 17:05:22 - [TEST_STEP][PASSED] - click(findTestObject("Page_Town Square - test Mattermost/span_Account Settings")): Object: 'Object Repository/Page_Town Square - test Mattermost/span_Account Settings' is clicked on

2020-06-03 17:05:23 - [MESSAGE][PASSED] - Object: 'Object Repository/Page_Town Square - test Mattermost/span_Account Settings' is clicked on

2020-06-03 17:05:23 - [TEST_STEP][PASSED] - click(findTestObject("Page_Town Square - test Mattermost/span_Edit")): Object: 'Object Repository/Page_Town Square - test Mattermost/span_Edit' is clicked on

2020-06-03 17:05:24 - [MESSAGE][PASSED] - Object: 'Object Repository/Page_Town Square - test Mattermost/span_Edit' is clicked on

2020-06-03 17:05:24 - [TEST_STEP][PASSED] - click(findTestObject("Object Repository/Page_Town Square - test Mattermost/div_Username")): Object: 'Object Repository/Page_Town Square - test Mattermost/div_Username' is clicked on

2020-06-03 17:05:25 - [MESSAGE][PASSED] - Object: 'Object Repository/Page_Town Square - test Mattermost/div_Username' is clicked on

2020-06-03 17:05:25 - [TEST_STEP][PASSED] - setText(findTestObject("Object Repository/Page_Town Square - test Mattermost/input_Username_username"), username): Text 'van hoang' is set on object 'Object Repository/Page_Town Square - test Mattermost/input_Username_username'

2020-06-03 17:05:25 - [MESSAGE][PASSED] - Text 'van hoang' is set on object 'Object Repository/Page_Town Square - test Mattermost/input_Username_username'

2020-06-03 17:05:25 - [TEST_STEP][PASSED] - click(findTestObject("Page_Town Square - test Mattermost/span_Save")): Object: 'Object Repository/Page_Town Square - test Mattermost/span_Save' is clicked on

2020-06-03 17:05:26 - [MESSAGE][PASSED] - Object: 'Object Repository/Page_Town Square - test Mattermost/span_Save' is clicked on

2020-06-03 17:05:26 - [TEST_STEP][PASSED] - closeBrowser(): Browser is closed

2020-06-03 17:05:26 - [MESSAGE][PASSED] - Browser is closed]]></system-out>
         <system-err><![CDATA[]]></system-err>
      </testcase>
      <testcase name="Test Cases/datadriven/internal/TC_08_EditUserName_datadriven" time="26.887" classname="Test Cases/datadriven/internal/TC_08_EditUserName_datadriven" status="PASSED">
         <system-out><![CDATA[2020-06-03 17:05:26 - [TEST_CASE][PASSED] - Test Cases/datadriven/internal/TC_08_EditUserName_datadriven: Test Cases/datadriven/internal/TC_08_EditUserName_datadriven

2020-06-03 17:05:26 - [TEST_STEP][PASSED] - openBrowser(""): Browser is opened with url: ''

2020-06-03 17:05:26 - [MESSAGE][INFO] - Starting 'Chrome' driver

2020-06-03 17:05:26 - [MESSAGE][INFO] - Action delay is set to 0 milliseconds

2020-06-03 17:05:29 - [MESSAGE][PASSED] - Browser is opened with url: ''

2020-06-03 17:05:29 - [TEST_STEP][PASSED] - navigateToUrl("https://hw2katalonkattermost.herokuapp.com/test/channels/town-square"): Navigate to 'https://hw2katalonkattermost.herokuapp.com/test/channels/town-square' successfully

2020-06-03 17:05:33 - [MESSAGE][PASSED] - Navigate to 'https://hw2katalonkattermost.herokuapp.com/test/channels/town-square' successfully

2020-06-03 17:05:33 - [TEST_STEP][PASSED] - setText(findTestObject("Page_Mattermost/input_All team communication in one place s_703ef5"), "vanhoang"): Text 'vanhoang' is set on object 'Object Repository/Page_Mattermost/input_All team communication in one place s_703ef5'

2020-06-03 17:05:41 - [MESSAGE][PASSED] - Text 'vanhoang' is set on object 'Object Repository/Page_Mattermost/input_All team communication in one place s_703ef5'

2020-06-03 17:05:41 - [TEST_STEP][PASSED] - setEncryptedText(findTestObject("Page_Mattermost/input_All team communication in one place s_2f2733"), "iGDxf8hSRT4="): Text ****** has been set on object 'Object Repository/Page_Mattermost/input_All team communication in one place s_2f2733'

2020-06-03 17:05:42 - [MESSAGE][PASSED] - Text ****** has been set on object 'Object Repository/Page_Mattermost/input_All team communication in one place s_2f2733'

2020-06-03 17:05:42 - [TEST_STEP][PASSED] - click(findTestObject("Page_Mattermost/span_Sign in")): Object: 'Object Repository/Page_Mattermost/span_Sign in' is clicked on

2020-06-03 17:05:42 - [MESSAGE][PASSED] - Object: 'Object Repository/Page_Mattermost/span_Sign in' is clicked on

2020-06-03 17:05:42 - [TEST_STEP][PASSED] - click(findTestObject("Page_Town Square - test Mattermost/span")): Object: 'Object Repository/Page_Town Square - test Mattermost/span' is clicked on

2020-06-03 17:05:49 - [MESSAGE][PASSED] - Object: 'Object Repository/Page_Town Square - test Mattermost/span' is clicked on

2020-06-03 17:05:49 - [TEST_STEP][PASSED] - click(findTestObject("Page_Town Square - test Mattermost/span_Account Settings")): Object: 'Object Repository/Page_Town Square - test Mattermost/span_Account Settings' is clicked on

2020-06-03 17:05:50 - [MESSAGE][PASSED] - Object: 'Object Repository/Page_Town Square - test Mattermost/span_Account Settings' is clicked on

2020-06-03 17:05:50 - [TEST_STEP][PASSED] - click(findTestObject("Page_Town Square - test Mattermost/span_Edit")): Object: 'Object Repository/Page_Town Square - test Mattermost/span_Edit' is clicked on

2020-06-03 17:05:51 - [MESSAGE][PASSED] - Object: 'Object Repository/Page_Town Square - test Mattermost/span_Edit' is clicked on

2020-06-03 17:05:51 - [TEST_STEP][PASSED] - click(findTestObject("Object Repository/Page_Town Square - test Mattermost/div_Username")): Object: 'Object Repository/Page_Town Square - test Mattermost/div_Username' is clicked on

2020-06-03 17:05:51 - [MESSAGE][PASSED] - Object: 'Object Repository/Page_Town Square - test Mattermost/div_Username' is clicked on

2020-06-03 17:05:51 - [TEST_STEP][PASSED] - setText(findTestObject("Object Repository/Page_Town Square - test Mattermost/input_Username_username"), username): Text '?./\~!@#$%^&*()' is set on object 'Object Repository/Page_Town Square - test Mattermost/input_Username_username'

2020-06-03 17:05:52 - [MESSAGE][PASSED] - Text '?./\~!@#$%^&*()' is set on object 'Object Repository/Page_Town Square - test Mattermost/input_Username_username'

2020-06-03 17:05:52 - [TEST_STEP][PASSED] - click(findTestObject("Page_Town Square - test Mattermost/span_Save")): Object: 'Object Repository/Page_Town Square - test Mattermost/span_Save' is clicked on

2020-06-03 17:05:52 - [MESSAGE][PASSED] - Object: 'Object Repository/Page_Town Square - test Mattermost/span_Save' is clicked on

2020-06-03 17:05:52 - [TEST_STEP][PASSED] - closeBrowser(): Browser is closed

2020-06-03 17:05:53 - [MESSAGE][PASSED] - Browser is closed]]></system-out>
         <system-err><![CDATA[]]></system-err>
      </testcase>
      <testcase name="Test Cases/datadriven/internal/TC_08_EditUserName_datadriven" time="21.476" classname="Test Cases/datadriven/internal/TC_08_EditUserName_datadriven" status="PASSED">
         <system-out><![CDATA[2020-06-03 17:05:53 - [TEST_CASE][PASSED] - Test Cases/datadriven/internal/TC_08_EditUserName_datadriven: Test Cases/datadriven/internal/TC_08_EditUserName_datadriven

2020-06-03 17:05:53 - [TEST_STEP][PASSED] - openBrowser(""): Browser is opened with url: ''

2020-06-03 17:05:53 - [MESSAGE][INFO] - Starting 'Chrome' driver

2020-06-03 17:05:53 - [MESSAGE][INFO] - Action delay is set to 0 milliseconds

2020-06-03 17:05:56 - [MESSAGE][PASSED] - Browser is opened with url: ''

2020-06-03 17:05:56 - [TEST_STEP][PASSED] - navigateToUrl("https://hw2katalonkattermost.herokuapp.com/test/channels/town-square"): Navigate to 'https://hw2katalonkattermost.herokuapp.com/test/channels/town-square' successfully

2020-06-03 17:06:00 - [MESSAGE][PASSED] - Navigate to 'https://hw2katalonkattermost.herokuapp.com/test/channels/town-square' successfully

2020-06-03 17:06:00 - [TEST_STEP][PASSED] - setText(findTestObject("Page_Mattermost/input_All team communication in one place s_703ef5"), "vanhoang"): Text 'vanhoang' is set on object 'Object Repository/Page_Mattermost/input_All team communication in one place s_703ef5'

2020-06-03 17:06:07 - [MESSAGE][PASSED] - Text 'vanhoang' is set on object 'Object Repository/Page_Mattermost/input_All team communication in one place s_703ef5'

2020-06-03 17:06:07 - [TEST_STEP][PASSED] - setEncryptedText(findTestObject("Page_Mattermost/input_All team communication in one place s_2f2733"), "iGDxf8hSRT4="): Text ****** has been set on object 'Object Repository/Page_Mattermost/input_All team communication in one place s_2f2733'

2020-06-03 17:06:08 - [MESSAGE][PASSED] - Text ****** has been set on object 'Object Repository/Page_Mattermost/input_All team communication in one place s_2f2733'

2020-06-03 17:06:08 - [TEST_STEP][PASSED] - click(findTestObject("Page_Mattermost/span_Sign in")): Object: 'Object Repository/Page_Mattermost/span_Sign in' is clicked on

2020-06-03 17:06:08 - [MESSAGE][PASSED] - Object: 'Object Repository/Page_Mattermost/span_Sign in' is clicked on

2020-06-03 17:06:08 - [TEST_STEP][PASSED] - click(findTestObject("Page_Town Square - test Mattermost/span")): Object: 'Object Repository/Page_Town Square - test Mattermost/span' is clicked on

2020-06-03 17:06:11 - [MESSAGE][PASSED] - Object: 'Object Repository/Page_Town Square - test Mattermost/span' is clicked on

2020-06-03 17:06:11 - [TEST_STEP][PASSED] - click(findTestObject("Page_Town Square - test Mattermost/span_Account Settings")): Object: 'Object Repository/Page_Town Square - test Mattermost/span_Account Settings' is clicked on

2020-06-03 17:06:12 - [MESSAGE][PASSED] - Object: 'Object Repository/Page_Town Square - test Mattermost/span_Account Settings' is clicked on

2020-06-03 17:06:12 - [TEST_STEP][PASSED] - click(findTestObject("Page_Town Square - test Mattermost/span_Edit")): Object: 'Object Repository/Page_Town Square - test Mattermost/span_Edit' is clicked on

2020-06-03 17:06:12 - [MESSAGE][PASSED] - Object: 'Object Repository/Page_Town Square - test Mattermost/span_Edit' is clicked on

2020-06-03 17:06:12 - [TEST_STEP][PASSED] - click(findTestObject("Object Repository/Page_Town Square - test Mattermost/div_Username")): Object: 'Object Repository/Page_Town Square - test Mattermost/div_Username' is clicked on

2020-06-03 17:06:13 - [MESSAGE][PASSED] - Object: 'Object Repository/Page_Town Square - test Mattermost/div_Username' is clicked on

2020-06-03 17:06:13 - [TEST_STEP][PASSED] - setText(findTestObject("Object Repository/Page_Town Square - test Mattermost/input_Username_username"), username): Text '                           ' is set on object 'Object Repository/Page_Town Square - test Mattermost/input_Username_username'

2020-06-03 17:06:14 - [MESSAGE][PASSED] - Text '                           ' is set on object 'Object Repository/Page_Town Square - test Mattermost/input_Username_username'

2020-06-03 17:06:14 - [TEST_STEP][PASSED] - click(findTestObject("Page_Town Square - test Mattermost/span_Save")): Object: 'Object Repository/Page_Town Square - test Mattermost/span_Save' is clicked on

2020-06-03 17:06:14 - [MESSAGE][PASSED] - Object: 'Object Repository/Page_Town Square - test Mattermost/span_Save' is clicked on

2020-06-03 17:06:14 - [TEST_STEP][PASSED] - closeBrowser(): Browser is closed

2020-06-03 17:06:15 - [MESSAGE][PASSED] - Browser is closed]]></system-out>
         <system-err><![CDATA[]]></system-err>
      </testcase>
      <testcase name="Test Cases/datadriven/internal/TC_08_EditUserName_datadriven" time="20.534" classname="Test Cases/datadriven/internal/TC_08_EditUserName_datadriven" status="PASSED">
         <system-out><![CDATA[2020-06-03 17:06:15 - [TEST_CASE][PASSED] - Test Cases/datadriven/internal/TC_08_EditUserName_datadriven: Test Cases/datadriven/internal/TC_08_EditUserName_datadriven

2020-06-03 17:06:15 - [TEST_STEP][PASSED] - openBrowser(""): Browser is opened with url: ''

2020-06-03 17:06:15 - [MESSAGE][INFO] - Starting 'Chrome' driver

2020-06-03 17:06:15 - [MESSAGE][INFO] - Action delay is set to 0 milliseconds

2020-06-03 17:06:18 - [MESSAGE][PASSED] - Browser is opened with url: ''

2020-06-03 17:06:18 - [TEST_STEP][PASSED] - navigateToUrl("https://hw2katalonkattermost.herokuapp.com/test/channels/town-square"): Navigate to 'https://hw2katalonkattermost.herokuapp.com/test/channels/town-square' successfully

2020-06-03 17:06:21 - [MESSAGE][PASSED] - Navigate to 'https://hw2katalonkattermost.herokuapp.com/test/channels/town-square' successfully

2020-06-03 17:06:21 - [TEST_STEP][PASSED] - setText(findTestObject("Page_Mattermost/input_All team communication in one place s_703ef5"), "vanhoang"): Text 'vanhoang' is set on object 'Object Repository/Page_Mattermost/input_All team communication in one place s_703ef5'

2020-06-03 17:06:28 - [MESSAGE][PASSED] - Text 'vanhoang' is set on object 'Object Repository/Page_Mattermost/input_All team communication in one place s_703ef5'

2020-06-03 17:06:28 - [TEST_STEP][PASSED] - setEncryptedText(findTestObject("Page_Mattermost/input_All team communication in one place s_2f2733"), "iGDxf8hSRT4="): Text ****** has been set on object 'Object Repository/Page_Mattermost/input_All team communication in one place s_2f2733'

2020-06-03 17:06:29 - [MESSAGE][PASSED] - Text ****** has been set on object 'Object Repository/Page_Mattermost/input_All team communication in one place s_2f2733'

2020-06-03 17:06:29 - [TEST_STEP][PASSED] - click(findTestObject("Page_Mattermost/span_Sign in")): Object: 'Object Repository/Page_Mattermost/span_Sign in' is clicked on

2020-06-03 17:06:29 - [MESSAGE][PASSED] - Object: 'Object Repository/Page_Mattermost/span_Sign in' is clicked on

2020-06-03 17:06:29 - [TEST_STEP][PASSED] - click(findTestObject("Page_Town Square - test Mattermost/span")): Object: 'Object Repository/Page_Town Square - test Mattermost/span' is clicked on

2020-06-03 17:06:31 - [MESSAGE][PASSED] - Object: 'Object Repository/Page_Town Square - test Mattermost/span' is clicked on

2020-06-03 17:06:31 - [TEST_STEP][PASSED] - click(findTestObject("Page_Town Square - test Mattermost/span_Account Settings")): Object: 'Object Repository/Page_Town Square - test Mattermost/span_Account Settings' is clicked on

2020-06-03 17:06:32 - [MESSAGE][PASSED] - Object: 'Object Repository/Page_Town Square - test Mattermost/span_Account Settings' is clicked on

2020-06-03 17:06:32 - [TEST_STEP][PASSED] - click(findTestObject("Page_Town Square - test Mattermost/span_Edit")): Object: 'Object Repository/Page_Town Square - test Mattermost/span_Edit' is clicked on

2020-06-03 17:06:33 - [MESSAGE][PASSED] - Object: 'Object Repository/Page_Town Square - test Mattermost/span_Edit' is clicked on

2020-06-03 17:06:33 - [TEST_STEP][PASSED] - click(findTestObject("Object Repository/Page_Town Square - test Mattermost/div_Username")): Object: 'Object Repository/Page_Town Square - test Mattermost/div_Username' is clicked on

2020-06-03 17:06:34 - [MESSAGE][PASSED] - Object: 'Object Repository/Page_Town Square - test Mattermost/div_Username' is clicked on

2020-06-03 17:06:34 - [TEST_STEP][PASSED] - setText(findTestObject("Object Repository/Page_Town Square - test Mattermost/input_Username_username"), username): Text 'van?./\~!@#$%^&*()' is set on object 'Object Repository/Page_Town Square - test Mattermost/input_Username_username'

2020-06-03 17:06:34 - [MESSAGE][PASSED] - Text 'van?./\~!@#$%^&*()' is set on object 'Object Repository/Page_Town Square - test Mattermost/input_Username_username'

2020-06-03 17:06:34 - [TEST_STEP][PASSED] - click(findTestObject("Page_Town Square - test Mattermost/span_Save")): Object: 'Object Repository/Page_Town Square - test Mattermost/span_Save' is clicked on

2020-06-03 17:06:34 - [MESSAGE][PASSED] - Object: 'Object Repository/Page_Town Square - test Mattermost/span_Save' is clicked on

2020-06-03 17:06:34 - [TEST_STEP][PASSED] - closeBrowser(): Browser is closed

2020-06-03 17:06:35 - [MESSAGE][PASSED] - Browser is closed]]></system-out>
         <system-err><![CDATA[]]></system-err>
      </testcase>
      <testcase name="Test Cases/datadriven/internal/TC_08_EditUserName_datadriven" time="22.463" classname="Test Cases/datadriven/internal/TC_08_EditUserName_datadriven" status="PASSED">
         <system-out><![CDATA[2020-06-03 17:06:35 - [TEST_CASE][PASSED] - Test Cases/datadriven/internal/TC_08_EditUserName_datadriven: Test Cases/datadriven/internal/TC_08_EditUserName_datadriven

2020-06-03 17:06:35 - [TEST_STEP][PASSED] - openBrowser(""): Browser is opened with url: ''

2020-06-03 17:06:35 - [MESSAGE][INFO] - Starting 'Chrome' driver

2020-06-03 17:06:35 - [MESSAGE][INFO] - Action delay is set to 0 milliseconds

2020-06-03 17:06:38 - [MESSAGE][PASSED] - Browser is opened with url: ''

2020-06-03 17:06:38 - [TEST_STEP][PASSED] - navigateToUrl("https://hw2katalonkattermost.herokuapp.com/test/channels/town-square"): Navigate to 'https://hw2katalonkattermost.herokuapp.com/test/channels/town-square' successfully

2020-06-03 17:06:44 - [MESSAGE][PASSED] - Navigate to 'https://hw2katalonkattermost.herokuapp.com/test/channels/town-square' successfully

2020-06-03 17:06:44 - [TEST_STEP][PASSED] - setText(findTestObject("Page_Mattermost/input_All team communication in one place s_703ef5"), "vanhoang"): Text 'vanhoang' is set on object 'Object Repository/Page_Mattermost/input_All team communication in one place s_703ef5'

2020-06-03 17:06:50 - [MESSAGE][PASSED] - Text 'vanhoang' is set on object 'Object Repository/Page_Mattermost/input_All team communication in one place s_703ef5'

2020-06-03 17:06:50 - [TEST_STEP][PASSED] - setEncryptedText(findTestObject("Page_Mattermost/input_All team communication in one place s_2f2733"), "iGDxf8hSRT4="): Text ****** has been set on object 'Object Repository/Page_Mattermost/input_All team communication in one place s_2f2733'

2020-06-03 17:06:51 - [MESSAGE][PASSED] - Text ****** has been set on object 'Object Repository/Page_Mattermost/input_All team communication in one place s_2f2733'

2020-06-03 17:06:51 - [TEST_STEP][PASSED] - click(findTestObject("Page_Mattermost/span_Sign in")): Object: 'Object Repository/Page_Mattermost/span_Sign in' is clicked on

2020-06-03 17:06:52 - [MESSAGE][PASSED] - Object: 'Object Repository/Page_Mattermost/span_Sign in' is clicked on

2020-06-03 17:06:52 - [TEST_STEP][PASSED] - click(findTestObject("Page_Town Square - test Mattermost/span")): Object: 'Object Repository/Page_Town Square - test Mattermost/span' is clicked on

2020-06-03 17:06:54 - [MESSAGE][PASSED] - Object: 'Object Repository/Page_Town Square - test Mattermost/span' is clicked on

2020-06-03 17:06:54 - [TEST_STEP][PASSED] - click(findTestObject("Page_Town Square - test Mattermost/span_Account Settings")): Object: 'Object Repository/Page_Town Square - test Mattermost/span_Account Settings' is clicked on

2020-06-03 17:06:55 - [MESSAGE][PASSED] - Object: 'Object Repository/Page_Town Square - test Mattermost/span_Account Settings' is clicked on

2020-06-03 17:06:55 - [TEST_STEP][PASSED] - click(findTestObject("Page_Town Square - test Mattermost/span_Edit")): Object: 'Object Repository/Page_Town Square - test Mattermost/span_Edit' is clicked on

2020-06-03 17:06:56 - [MESSAGE][PASSED] - Object: 'Object Repository/Page_Town Square - test Mattermost/span_Edit' is clicked on

2020-06-03 17:06:56 - [TEST_STEP][PASSED] - click(findTestObject("Object Repository/Page_Town Square - test Mattermost/div_Username")): Object: 'Object Repository/Page_Town Square - test Mattermost/div_Username' is clicked on

2020-06-03 17:06:56 - [MESSAGE][PASSED] - Object: 'Object Repository/Page_Town Square - test Mattermost/div_Username' is clicked on

2020-06-03 17:06:56 - [TEST_STEP][PASSED] - setText(findTestObject("Object Repository/Page_Town Square - test Mattermost/input_Username_username"), username): Text 'vanhoang' is set on object 'Object Repository/Page_Town Square - test Mattermost/input_Username_username'

2020-06-03 17:06:57 - [MESSAGE][PASSED] - Text 'vanhoang' is set on object 'Object Repository/Page_Town Square - test Mattermost/input_Username_username'

2020-06-03 17:06:57 - [TEST_STEP][PASSED] - click(findTestObject("Page_Town Square - test Mattermost/span_Save")): Object: 'Object Repository/Page_Town Square - test Mattermost/span_Save' is clicked on

2020-06-03 17:06:57 - [MESSAGE][PASSED] - Object: 'Object Repository/Page_Town Square - test Mattermost/span_Save' is clicked on

2020-06-03 17:06:57 - [TEST_STEP][PASSED] - closeBrowser(): Browser is closed

2020-06-03 17:06:58 - [MESSAGE][PASSED] - Browser is closed]]></system-out>
         <system-err><![CDATA[]]></system-err>
      </testcase>
      <system-out><![CDATA[2020-06-03 17:05:03 - [TEST_SUITE][PASSED] - TS_08_EditUserName_datadriven: Test Cases/datadriven/internal/TC_08_EditUserName_datadriven]]></system-out>
      <system-err><![CDATA[]]></system-err>
   </testsuite>
</testsuites>
